2020-02-09 21:04:39,031.INFO.root:  root logger initiated and configured from file: C:\LS\03_TOOLS\CanFlood\0.0.2\_pars\logger.conf
2020-02-09 21:04:39,363.DEBUG.matplotlib:  $HOME=C:\Users\cefect
2020-02-09 21:04:39,363.DEBUG.matplotlib:  CONFIGDIR=C:\Users\cefect\.matplotlib
2020-02-09 21:04:39,363.DEBUG.matplotlib:  matplotlib data path: C:\OSGEO4~1\apps\Python37\lib\site-packages\matplotlib\mpl-data
2020-02-09 21:04:39,365.DEBUG.matplotlib:  loaded rc file C:\OSGEO4~1\apps\Python37\lib\site-packages\matplotlib\mpl-data\matplotlibrc
2020-02-09 21:04:39,366.DEBUG.matplotlib:  matplotlib version 3.0.0
2020-02-09 21:04:39,366.DEBUG.matplotlib:  interactive is False
2020-02-09 21:04:39,366.DEBUG.matplotlib:  platform is win32
2020-02-09 21:04:39,366.DEBUG.matplotlib:  loaded modules: ['sys', 'builtins', '_frozen_importlib', '_imp', '_thread', '_warnings', '_weakref', 'zipimport', '_frozen_importlib_external', '_io', 'marshal', 'nt', 'winreg', 'encodings', 'codecs', '_codecs', 'encodings.aliases', 'encodings.utf_8', '_signal', '__main__', 'encodings.latin_1', 'io', 'abc', '_abc', 'encodings.cp1252', 'site', 'os', 'stat', '_stat', 'ntpath', 'genericpath', 'os.path', '_collections_abc', '_sitebuiltins', '_bootlocale', '_locale', 'types', 'importlib', 'importlib._bootstrap', 'importlib._bootstrap_external', 'warnings', 'importlib.util', 'importlib.abc', 'importlib.machinery', 'contextlib', 'collections', 'operator', '_operator', 'keyword', 'heapq', '_heapq', 'itertools', 'reprlib', '_collections', 'functools', '_functools', 'mpl_toolkits', 'sitecustomize', 'getpass', 'msvcrt', 'logging', 'time', 'traceback', 'linecache', 'tokenize', 're', 'enum', 'sre_compile', '_sre', 'sre_parse', 'sre_constants', 'copyreg', 'token', 'weakref', '_weakrefset', 'collections.abc', 'string', '_string', 'threading', 'atexit', 'logging.config', 'errno', 'logging.handlers', 'socket', '_socket', 'selectors', 'math', 'select', 'pickle', 'struct', '_struct', '_compat_pickle', '_pickle', 'queue', '_queue', 'socketserver', 'configparser', 'pandas', 'numpy', '__future__', 'numpy._globals', 'numpy.__config__', 'numpy.version', 'numpy._distributor_init', 'ctypes', '_ctypes', 'ctypes._endian', 'glob', 'fnmatch', 'posixpath', 'numpy.core', 'numpy.core.info', 'numpy.core.multiarray', 'numpy.core.overrides', 'textwrap', 'datetime', '_datetime', 'numpy.core._multiarray_umath', 'numpy.compat', 'numpy.compat._inspect', 'numpy.compat.py3k', 'pathlib', 'urllib', 'urllib.parse', 'numpy.core.umath', 'numpy.core.numerictypes', 'numbers', 'numpy.core._string_helpers', 'numpy.core._type_aliases', 'numpy.core._dtype', 'numpy.core.numeric', 'numpy.core._exceptions', 'numpy.core._asarray', 'numpy.core._ufunc_config', 'numpy.core.fromnumeric', 'numpy.core._methods', 'numpy.core.arrayprint', 'numpy.core.defchararray', 'numpy.core.records', 'numpy.core.memmap', 'numpy.core.function_base', 'numpy.core.machar', 'numpy.core.getlimits', 'numpy.core.shape_base', 'numpy.core.einsumfunc', 'numpy.core._add_newdocs', 'numpy.core._multiarray_tests', 'numpy.core._dtype_ctypes', 'numpy.core._internal', 'platform', 'subprocess', 'signal', '_winapi', 'numpy._pytesttester', 'numpy.lib', 'numpy.lib.info', 'numpy.lib.type_check', 'numpy.lib.ufunclike', 'numpy.lib.index_tricks', 'numpy.matrixlib', 'numpy.matrixlib.defmatrix', 'ast', '_ast', 'numpy.linalg', 'numpy.linalg.info', 'numpy.linalg.linalg', 'numpy.lib.twodim_base', 'numpy.linalg.lapack_lite', 'numpy.linalg._umath_linalg', 'numpy.lib.function_base', 'numpy.lib.histograms', 'numpy.lib.stride_tricks', 'numpy.lib.mixins', 'numpy.lib.nanfunctions', 'numpy.lib.shape_base', 'numpy.lib.scimath', 'numpy.lib.polynomial', 'numpy.lib.utils', 'numpy.lib.arraysetops', 'numpy.lib.npyio', 'numpy.lib.format', 'numpy.lib._datasource', 'shutil', 'zlib', 'bz2', '_compression', '_bz2', 'lzma', '_lzma', 'numpy.lib._iotools', 'numpy.lib.financial', 'decimal', '_decimal', 'numpy.lib.arrayterator', 'numpy.lib.arraypad', 'numpy.lib._version', 'numpy.fft', 'numpy.fft._pocketfft', 'numpy.fft._pocketfft_internal', 'numpy.fft.helper', 'numpy.polynomial', 'numpy.polynomial.polynomial', 'numpy.polynomial.polyutils', 'numpy.polynomial._polybase', 'numpy.polynomial.chebyshev', 'numpy.polynomial.legendre', 'numpy.polynomial.hermite', 'numpy.polynomial.hermite_e', 'numpy.polynomial.laguerre', 'numpy.random', 'numpy.random._pickle', 'numpy.random.mtrand', 'cython_runtime', 'numpy.random.common', 'numpy.random.bounded_integers', 'numpy.random.mt19937', 'numpy.random.bit_generator', '_cython_0_29_13', 'secrets', 'base64', 'binascii', 'hmac', '_hashlib', 'hashlib', '_blake2', '_sha3', 'random', 'bisect', '_bisect', '_random', 'numpy.random.philox', 'numpy.random.pcg64', 'numpy.random.sfc64', 'numpy.random.generator', 'numpy.ctypeslib', 'numpy.ma', 'numpy.ma.core', 'numpy.ma.extras', 'numpy.testing', 'unittest', 'unittest.result', 'unittest.util', 'unittest.case', 'difflib', 'pprint', 'unittest.suite', 'unittest.loader', 'unittest.main', 'argparse', 'gettext', 'locale', 'unittest.runner', 'unittest.signals', 'numpy.testing._private', 'numpy.testing._private.utils', 'gc', 'tempfile', 'numpy.testing._private.decorators', 'numpy.testing._private.nosetester', 'pytz', 'pytz.exceptions', 'pytz.lazy', 'pytz.tzinfo', 'pytz.tzfile', 'dateutil', 'dateutil._version', 'pandas.compat', 'pandas.compat.numpy', 'distutils', 'distutils.version', 'pandas._libs', 'pandas._libs.tslibs', 'pandas._libs.tslibs.conversion', 'pandas._libs.tslibs.c_timestamp', 'pandas._libs.tslibs.nattype', 'pandas._libs.tslibs.np_datetime', 'pandas._libs.tslibs.timezones', 'dateutil.tz', 'dateutil.tz.tz', 'six', 'six.moves', 'dateutil.tz._common', 'dateutil.tz._factories', 'dateutil.tz.win', 'ctypes.wintypes', 'pandas._libs.tslibs.tzconversion', 'pandas._libs.tslibs.timedeltas', 'pandas._libs.tslibs.offsets', 'pandas._libs.tslibs.ccalendar', 'pandas._config', 'pandas._config.config', 'typing', 'typing.io', 'typing.re', 'pandas._config.dates', 'pandas._config.display', 'pandas._config.localization', 'pandas._libs.tslibs.strptime', 'calendar', 'dateutil.relativedelta', 'dateutil._common', 'pandas._libs.tslibs.fields', 'pandas._libs.tslibs.parsing', 'dateutil.parser', 'dateutil.parser._parser', 'dateutil.parser.isoparser', 'pandas._libs.tslibs.period', 'pandas._libs.tslibs.frequencies', 'pandas._libs.tslibs.timestamps', 'pandas._libs.tslibs.resolution', 'pandas._libs.hashtable', 'pandas._libs.missing', 'pandas._libs.lib', 'fractions', 'pandas._libs.tslib', 'pandas.core', 'pandas.core.config_init', 'pandas.core.api', 'pandas.core.arrays', 'pandas.core.arrays.array_', 'pandas.core.dtypes', 'pandas.core.dtypes.common', 'pandas._libs.algos', 'pandas.core.dtypes.dtypes', 'pandas._libs.interval', 'pandas.core.dtypes.generic', 'pandas.core.dtypes.base', 'pandas.errors', 'pandas.core.dtypes.inference', 'pandas._typing', 'pandas.core.arrays.base', 'pandas.compat.numpy.function', 'pandas.util', 'pandas.util._decorators', 'inspect', 'dis', 'opcode', '_opcode', 'pandas._libs.properties', 'pandas.core.util', 'pandas.core.util.hashing', 'pandas._libs.hashing', 'pandas.core.dtypes.cast', 'pandas.core.dtypes.missing', 'pandas.util._validators', 'pandas.core.ops', 'pandas._libs.ops', 'pandas.core.common', 'pandas.core.ops.missing', 'pandas.core.ops.roperator', 'pandas.core.ops.docstrings', 'pandas.core.sorting', 'pandas.core.algorithms', 'pandas.core.indexers', 'pandas.core.arrays.categorical', 'pandas.core.accessor', 'pandas.core.base', 'pandas.core.nanops', 'pandas.compat._optional', 'pandas.core.missing', 'pandas.io', 'pandas.io.formats', 'pandas.io.formats.console', 'pandas.core.arrays.datetimes', 'pandas.core.arrays.datetimelike', 'pandas.tseries', 'pandas.tseries.frequencies', 'pandas.tseries.offsets', 'dateutil.easter', 'pandas.core.tools', 'pandas.core.tools.datetimes', 'pandas.core.arrays._ranges', 'pandas.core.arrays.integer', 'pandas.core.tools.numeric', 'pandas.core.arrays.interval', 'pandas.core.indexes', 'pandas.core.indexes.base', 'pandas._libs.index', 'pandas._libs.join', 'pandas.core.dtypes.concat', 'pandas.core.indexes.frozen', 'pandas.io.formats.printing', 'pandas.core.strings', 'pandas.core.arrays.numpy_', 'pandas.core.arrays.period', 'pandas.core.arrays.sparse', 'pandas._libs.sparse', 'pandas.core.arrays.timedeltas', 'pandas.core.groupby', 'pandas.core.groupby.generic', 'copy', 'pandas.core.frame', 'pandas.core.generic', 'json', 'json.decoder', 'json.scanner', '_json', 'json.encoder', 'pandas.core.index', 'pandas.core.indexes.api', 'pandas.core.indexes.category', 'pandas.core.indexes.datetimes', 'pandas.core.indexes.datetimelike', 'pandas.core.tools.timedeltas', 'pandas.core.indexes.numeric', 'pandas.core.indexes.interval', 'pandas.util._exceptions', 'pandas.core.indexes.multi', 'pandas.core.indexes.timedeltas', 'pandas.core.indexes.period', 'pandas.core.indexes.range', 'pandas.core.indexing', 'pandas._libs.indexing', 'pandas.core.internals', 'pandas.core.internals.blocks', 'pandas._libs.internals', 'pandas.core.internals.arrays', 'pandas.core.internals.managers', 'pandas.core.internals.concat', 'pandas.io.formats.format', 'unicodedata', 'pandas.io.common', 'csv', '_csv', 'gzip', 'http', 'http.client', 'email', 'email.parser', 'email.feedparser', 'email.errors', 'email._policybase', 'email.header', 'email.quoprimime', 'email.base64mime', 'email.charset', 'email.encoders', 'quopri', 'email.utils', 'email._parseaddr', 'email.message', 'uu', 'email._encoded_words', 'email.iterators', 'ssl', '_ssl', 'mmap', 'urllib.error', 'urllib.response', 'urllib.request', 'nturl2path', 'zipfile', 'pandas.core.internals.construction', 'pandas.core.series', 'pandas._libs.reshape', 'pandas.core.indexes.accessors', 'pandas.plotting', 'pandas.plotting._core', 'pandas.plotting._matplotlib', 'pandas.plotting._matplotlib.boxplot', 'matplotlib', 'matplotlib.cbook', 'matplotlib.cbook.deprecation', 'matplotlib.rcsetup', 'matplotlib.fontconfig_pattern', 'pyparsing', 'matplotlib.colors', 'matplotlib._color_data', 'cycler', 'matplotlib._version']
2020-02-09 21:04:39,397.DEBUG.matplotlib:  CACHEDIR=C:\Users\cefect\.matplotlib
2020-02-09 21:04:39,399.DEBUG.matplotlib.font_manager:  Using fontManager instance from C:\Users\cefect\.matplotlib\fontlist-v300.json
2020-02-09 21:04:39,482.INFO.Model.setup_pars:  reading parameters from 
     ['C:\\LS\\03_TOOLS\\CanFlood\\_ins\\model\\CanFlood_control_01.txt']
2020-02-09 21:04:39,482.DEBUG.Model.setup_pars:  set 'name' type str as 'test1'
2020-02-09 21:04:39,482.DEBUG.Model.setup_pars:  set 'cid' type str as 'xid'
2020-02-09 21:04:39,482.DEBUG.Model.setup_pars:  set 'prec' type int as '2'
2020-02-09 21:04:39,482.DEBUG.Model.setup_pars:  set 'validated' type bool as 'True'
2020-02-09 21:04:39,482.DEBUG.Model.setup_pars:  set 'ground_water' type bool as 'False'
2020-02-09 21:04:39,483.DEBUG.Model.setup_pars:  set 'felv' type str as 'ground'
2020-02-09 21:04:39,483.WARNING.Model.setup_pars:  no parameter 'event_probs' found.. skipping
2020-02-09 21:04:39,483.WARNING.Model.setup_pars:  no parameter 'ltail' found.. skipping
2020-02-09 21:04:39,483.WARNING.Model.setup_pars:  no parameter 'rtail' found.. skipping
2020-02-09 21:04:39,483.WARNING.Model.setup_pars:  no parameter 'integrate' found.. skipping
2020-02-09 21:04:39,483.WARNING.Model.setup_pars:  no parameter 'ead_plot' found.. skipping
2020-02-09 21:04:39,483.WARNING.Model.setup_pars:  no parameter 'res_per_asset' found.. skipping
2020-02-09 21:04:39,483.DEBUG.Model.setup_pars:  attached 12 variables to self: 
    <Section: parameters>
2020-02-09 21:04:39,504.INFO.Model.setup_pars:  loaded 'curves' w/ 4 from 'CanFlood - curve set 01'
2020-02-09 21:04:39,509.INFO.Model.setup_pars:  loaded 'finv' w/ 11 from 'finv_icomp_cT1_heights'
2020-02-09 21:04:39,513.INFO.Model.setup_pars:  loaded 'expos' w/ 11 from 'exposure_1000_cT1'
2020-02-09 21:04:39,516.INFO.Model.setup_pars:  loaded 'gels' w/ 11 from 'gel_cT1'
2020-02-09 21:04:39,516.DEBUG.Model.setup_pars:  finished loading and checking parameter file
2020-02-09 21:04:39,517.DEBUG.Model:  finished __init__ on Model
2020-02-09 21:04:39,519.DEBUG.Model.setup_dfuncs.t1:  attached 9 parameters to Dfunc: 
    {'tag': 't1', 'desc': 'residential contents curve', 'source': 'Alberta (2014)', 'location': 'Calgary, AB', 'date': datetime.datetime(2014, 1, 1, 0, 0), 'dmg_units': '$CAD/m2', 'dep_units': 'm', 'scale': 'area', 'ftype': 'depth-damage'}
2020-02-09 21:04:39,521.INFO.Model.setup_dfuncs.t1:  't1' built w/ dep min/max 0.00/8.00 and dmg min/max 0.00/50000.00
2020-02-09 21:04:39,523.DEBUG.Model.setup_dfuncs.t2:  attached 9 parameters to Dfunc: 
    {'tag': 't2', 'desc': 'residential contents curve', 'source': 'Alberta (2014)', 'location': 'Calgary, AB', 'date': datetime.datetime(2014, 1, 1, 0, 0), 'dmg_units': '$CAD/m2', 'dep_units': 'm', 'scale': 'area', 'ftype': 'depth-damage'}
2020-02-09 21:04:39,524.INFO.Model.setup_dfuncs.t2:  't2' built w/ dep min/max 0.00/8.00 and dmg min/max 0.00/50000.00
2020-02-09 21:04:39,526.DEBUG.Model.setup_dfuncs.t3:  attached 9 parameters to Dfunc: 
    {'tag': 't3', 'desc': 'residential contents curve', 'source': 'Alberta (2014)', 'location': 'Calgary, AB', 'date': datetime.datetime(2014, 1, 1, 0, 0), 'dmg_units': '$CAD/m2', 'dep_units': 'm', 'scale': 'area', 'ftype': 'depth-damage'}
2020-02-09 21:04:39,527.INFO.Model.setup_dfuncs.t3:  't3' built w/ dep min/max 0.00/8.00 and dmg min/max 0.00/50000.00
2020-02-09 21:04:39,529.DEBUG.Model.setup_dfuncs.t4:  attached 9 parameters to Dfunc: 
    {'tag': 't4', 'desc': 'residential contents curve', 'source': 'Alberta (2014)', 'location': 'Calgary, AB', 'date': datetime.datetime(2014, 1, 1, 0, 0), 'dmg_units': '$CAD/m2', 'dep_units': 'm', 'scale': 'area', 'ftype': 'depth-damage'}
2020-02-09 21:04:39,530.INFO.Model.setup_dfuncs.t4:  't4' built w/ dep min/max 0.00/8.00 and dmg min/max 0.00/50000.00
2020-02-09 21:04:39,530.INFO.Model.setup_dfuncs:  finishe building 4 curves 
    ['t1', 't2', 't3', 't4']
2020-02-09 21:04:39,533.DEBUG.Model.setup_finv:  finished index check on 3
2020-02-09 21:04:39,539.INFO.Model.setup_binv:  for "f0' got (11, 5)
2020-02-09 21:04:39,542.INFO.Model.setup_binv:  for "f1' got (6, 5)
2020-02-09 21:04:39,544.INFO.Model.setup_binv:  for "f2' got (7, 5)
2020-02-09 21:04:39,546.INFO.Model.setup_binv:  expanded inventory from 3 nest sets to finv (24, 6)
2020-02-09 21:04:39,549.INFO.Model.setup_binv:  converted asset ground heights to datum elevations
2020-02-09 21:04:39,554.DEBUG.Model.setup_binv:  converted wsl to depth (24, 8)
2020-02-09 21:04:39,557.DEBUG.Model.setup_binv:  finished
2020-02-09 21:04:39,557.DEBUG.Model:  finished __init__ on Dmg
2020-02-09 21:04:39,557.INFO.Model.bdmg:  running on 24 assets and 6 events
2020-02-09 21:04:39,560.INFO.Model.bdmg:  calculating for 4 (of 4) ftags w/ positive depths: ['t2', 't1', 't3', 't4']
2020-02-09 21:04:39,563.INFO.run.t2:  (1/4) claculting 't2' w/ 5 assets
2020-02-09 21:04:39,564.DEBUG.run.t2:  calc for 17 (of 40) uniqe depths
2020-02-09 21:04:39,573.DEBUG.run.t2:  added 3 (of 24) raw damage values from tag "t2' to event 'e1'
2020-02-09 21:04:39,580.DEBUG.run.t2:  added 4 (of 24) raw damage values from tag "t2' to event 'e2'
2020-02-09 21:04:39,587.DEBUG.run.t2:  added 5 (of 24) raw damage values from tag "t2' to event 'e3'
2020-02-09 21:04:39,595.DEBUG.run.t2:  added 4 (of 24) raw damage values from tag "t2' to event 'e1f'
2020-02-09 21:04:39,602.DEBUG.run.t2:  added 4 (of 24) raw damage values from tag "t2' to event 'e2f'
2020-02-09 21:04:39,610.DEBUG.run.t2:  added 5 (of 24) raw damage values from tag "t2' to event 'e3f'
2020-02-09 21:04:39,610.DEBUG.run.t2:  finished raw_damages for 6 events
2020-02-09 21:04:39,611.INFO.run.t1:  (2/4) claculting 't1' w/ 6 assets
2020-02-09 21:04:39,612.DEBUG.run.t1:  calc for 24 (of 48) uniqe depths
2020-02-09 21:04:39,621.DEBUG.run.t1:  added 6 (of 24) raw damage values from tag "t1' to event 'e1'
2020-02-09 21:04:39,628.DEBUG.run.t1:  added 6 (of 24) raw damage values from tag "t1' to event 'e2'
2020-02-09 21:04:39,635.DEBUG.run.t1:  added 6 (of 24) raw damage values from tag "t1' to event 'e3'
2020-02-09 21:04:39,641.DEBUG.run.t1:  added 6 (of 24) raw damage values from tag "t1' to event 'e1f'
2020-02-09 21:04:39,648.DEBUG.run.t1:  added 6 (of 24) raw damage values from tag "t1' to event 'e2f'
2020-02-09 21:04:39,655.DEBUG.run.t1:  added 6 (of 24) raw damage values from tag "t1' to event 'e3f'
2020-02-09 21:04:39,655.DEBUG.run.t1:  finished raw_damages for 6 events
2020-02-09 21:04:39,656.INFO.run.t3:  (3/4) claculting 't3' w/ 6 assets
2020-02-09 21:04:39,657.DEBUG.run.t3:  calc for 20 (of 48) uniqe depths
2020-02-09 21:04:39,665.DEBUG.run.t3:  added 6 (of 24) raw damage values from tag "t3' to event 'e1'
2020-02-09 21:04:39,672.DEBUG.run.t3:  added 6 (of 24) raw damage values from tag "t3' to event 'e2'
2020-02-09 21:04:39,679.DEBUG.run.t3:  added 6 (of 24) raw damage values from tag "t3' to event 'e3'
2020-02-09 21:04:39,686.DEBUG.run.t3:  added 6 (of 24) raw damage values from tag "t3' to event 'e1f'
2020-02-09 21:04:39,692.DEBUG.run.t3:  added 6 (of 24) raw damage values from tag "t3' to event 'e2f'
2020-02-09 21:04:39,699.DEBUG.run.t3:  added 6 (of 24) raw damage values from tag "t3' to event 'e3f'
2020-02-09 21:04:39,699.DEBUG.run.t3:  finished raw_damages for 6 events
2020-02-09 21:04:39,700.INFO.run.t4:  (4/4) claculting 't4' w/ 7 assets
2020-02-09 21:04:39,701.DEBUG.run.t4:  calc for 28 (of 56) uniqe depths
2020-02-09 21:04:39,710.DEBUG.run.t4:  added 7 (of 24) raw damage values from tag "t4' to event 'e1'
2020-02-09 21:04:39,717.DEBUG.run.t4:  added 7 (of 24) raw damage values from tag "t4' to event 'e2'
2020-02-09 21:04:39,724.DEBUG.run.t4:  added 7 (of 24) raw damage values from tag "t4' to event 'e3'
2020-02-09 21:04:39,731.DEBUG.run.t4:  added 7 (of 24) raw damage values from tag "t4' to event 'e1f'
2020-02-09 21:04:39,738.DEBUG.run.t4:  added 7 (of 24) raw damage values from tag "t4' to event 'e2f'
2020-02-09 21:04:39,744.DEBUG.run.t4:  added 7 (of 24) raw damage values from tag "t4' to event 'e3f'
2020-02-09 21:04:39,744.DEBUG.run.t4:  finished raw_damages for 6 events
2020-02-09 21:04:39,745.INFO.run:  finished getting raw damages for 4 dfuncs and 6 events
2020-02-09 21:04:39,751.INFO.run:  scaled damages
2020-02-09 21:04:39,765.INFO.run:  capped damages
2020-02-09 21:04:39,770.INFO.run:  got final damages
2020-02-09 21:04:39,772.INFO.run:  finished w/ (24, 8)
2020-02-09 21:04:39,774.INFO.Model.run:  got damages for 11 events and 6 assets
2020-02-09 21:04:39,774.WARNING.Model.output:  file exists 
    C:\LS\03_TOOLS\CanFlood\_outs\dmg\dmg_results.csv
2020-02-09 21:04:39,776.INFO.Model.output:  wrote to (11, 6) to file: 
    C:\LS\03_TOOLS\CanFlood\_outs\dmg\dmg_results.csv
2020-02-09 21:04:39,776.INFO.Model.run:  finished
